<?xml version="1.0" encoding="UTF-8"?>
<!-- Generated by org.testng.reporters.JUnitReportReporter -->
<testsuite hostname="DESKTOP-E7HVEAG" failures="0" tests="3" name="TestCases.HomePageTest" time="52.365" errors="0" timestamp="20 May 2019 11:57:55 GMT" skipped="0">
  <testcase classname="TestCases.HomePageTest" name="verifyPageTitle" time="16.116"/>
  <testcase classname="TestCases.HomePageTest" name="verifyUserName" time="17.023"/>
  <testcase classname="TestCases.HomePageTest" name="verifyCRMLogoIsPresent" time="19.226"/>
</testsuite> <!-- TestCases.HomePageTest -->
