<?xml version="1.0" encoding="UTF-8"?>
<!-- Generated by org.testng.reporters.JUnitReportReporter -->
<testsuite hostname="DESKTOP-E7HVEAG" failures="0" tests="3" name="TestCases.LoginPageTest" time="51.373" errors="0" timestamp="17 May 2019 11:19:41 GMT" skipped="0">
  <testcase classname="TestCases.LoginPageTest" name="verifyPageTitle" time="13.008"/>
  <testcase classname="TestCases.LoginPageTest" name="verifyCRMLogoIsPresent" time="19.435"/>
  <testcase classname="TestCases.LoginPageTest" name="loginCRM" time="18.930"/>
</testsuite> <!-- TestCases.LoginPageTest -->
