<?xml version="1.0" encoding="UTF-8"?>
<!-- Generated by org.testng.reporters.JUnitReportReporter -->
<testsuite hostname="DESKTOP-E7HVEAG" failures="0" tests="3" name="TestCases.LoginPageTest" time="41.099" errors="0" timestamp="09 Jun 2019 20:04:29 GMT" skipped="0">
  <testcase classname="TestCases.LoginPageTest" name="verifyPageTitle" time="11.714"/>
  <testcase classname="TestCases.LoginPageTest" name="verifyCRMLogoIsPresent" time="11.401"/>
  <testcase classname="TestCases.LoginPageTest" name="loginCRM" time="17.984"/>
</testsuite> <!-- TestCases.LoginPageTest -->
