<?xml version="1.0" encoding="UTF-8"?>
<!-- Generated by org.testng.reporters.JUnitReportReporter -->
<testsuite hostname="DESKTOP-E7HVEAG" failures="0" tests="1" name="TestCases.SignupPageTest" time="0.016" errors="0" timestamp="09 Jun 2019 21:38:41 GMT" skipped="0">
  <testcase classname="TestCases.SignupPageTest" name="exTest" time="0.016"/>
</testsuite> <!-- TestCases.SignupPageTest -->
